<?xml version="1.0" encoding="UTF-8"?>
<testng-results ignored="0" total="1" passed="1" failed="0" skipped="0">
  <reporter-output>
  </reporter-output>
  <suite started-at="2022-02-06T03:05:31 EST" name="Default suite" finished-at="2022-02-06T03:05:42 EST" duration-ms="10644">
    <groups>
    </groups>
    <test started-at="2022-02-06T03:05:31 EST" name="Default test" finished-at="2022-02-06T03:05:42 EST" duration-ms="10644">
      <class name="com.logInTest.LogInTest">
        <test-method is-config="true" signature="setUp()[pri:0, instance:com.logInTest.LogInTest@25fb8912]" started-at="2022-02-06T03:05:31 EST" name="setUp" finished-at="2022-02-06T03:05:38 EST" duration-ms="7274" status="PASS">
          <reporter-output>
          </reporter-output>
        </test-method> <!-- setUp -->
        <test-method signature="logInTest()[pri:0, instance:com.logInTest.LogInTest@25fb8912]" started-at="2022-02-06T03:05:38 EST" name="logInTest" finished-at="2022-02-06T03:05:41 EST" duration-ms="2986" status="PASS">
          <reporter-output>
          </reporter-output>
        </test-method> <!-- logInTest -->
        <test-method is-config="true" signature="tearUp()[pri:0, instance:com.logInTest.LogInTest@25fb8912]" started-at="2022-02-06T03:05:41 EST" name="tearUp" finished-at="2022-02-06T03:05:42 EST" duration-ms="334" status="PASS">
          <reporter-output>
          </reporter-output>
        </test-method> <!-- tearUp -->
      </class> <!-- com.logInTest.LogInTest -->
    </test> <!-- Default test -->
  </suite> <!-- Default suite -->
</testng-results>
